2018-03-10 12:07:45,745 CRIT Supervisor running as root (no user in config file)
2018-03-10 12:07:45,745 WARN Included extra file "/etc/supervisor/conf.d/supervisord.conf" during parsing
2018-03-10 12:07:45,771 INFO RPC interface 'supervisor' initialized
2018-03-10 12:07:45,771 CRIT Server 'unix_http_server' running without any HTTP authentication checking
2018-03-10 12:07:45,771 INFO supervisord started with pid 1
2018-03-10 12:07:46,775 INFO spawned: 'varnishd' with pid 13
2018-03-10 12:07:46,779 INFO spawned: 'php-fpm' with pid 14
2018-03-10 12:07:46,785 INFO spawned: 'varnish-plugins-watcher' with pid 15
2018-03-10 12:07:46,787 INFO spawned: 'nginx' with pid 16
2018-03-10 12:07:46,809 INFO spawned: 'MailHog' with pid 17
2018-03-10 12:07:46,822 INFO spawned: 'mysql' with pid 20
2018-03-10 12:07:46,826 INFO spawned: 'varnish-themes-watcher' with pid 21
2018-03-10 12:07:48,401 INFO success: varnishd entered RUNNING state, process has stayed up for > than 1 seconds (startsecs)
2018-03-10 12:07:48,402 INFO success: php-fpm entered RUNNING state, process has stayed up for > than 1 seconds (startsecs)
2018-03-10 12:07:48,402 INFO success: varnish-plugins-watcher entered RUNNING state, process has stayed up for > than 1 seconds (startsecs)
2018-03-10 12:07:48,402 INFO success: nginx entered RUNNING state, process has stayed up for > than 1 seconds (startsecs)
2018-03-10 12:07:48,402 INFO success: MailHog entered RUNNING state, process has stayed up for > than 1 seconds (startsecs)
2018-03-10 12:07:48,402 INFO success: mysql entered RUNNING state, process has stayed up for > than 1 seconds (startsecs)
2018-03-10 12:07:48,402 INFO success: varnish-themes-watcher entered RUNNING state, process has stayed up for > than 1 seconds (startsecs)
2018-03-10 12:49:51,292 WARN received SIGTERM indicating exit request
2018-03-10 12:49:51,315 INFO waiting for varnishd, php-fpm, varnish-plugins-watcher, nginx, MailHog, mysql, varnish-themes-watcher to die
2018-03-10 12:49:52,317 INFO stopped: varnish-themes-watcher (terminated by SIGTERM)
2018-03-10 12:49:52,329 INFO stopped: mysql (exit status 0)
2018-03-10 12:49:52,332 INFO stopped: MailHog (terminated by SIGTERM)
2018-03-10 12:49:52,336 INFO stopped: nginx (exit status 0)
2018-03-10 12:49:53,338 INFO stopped: varnish-plugins-watcher (terminated by SIGTERM)
2018-03-10 12:49:53,354 INFO stopped: php-fpm (exit status 0)
2018-03-10 12:49:53,608 CRIT reaped unknown pid 28)
2018-03-10 12:49:54,356 INFO waiting for varnishd to die
2018-03-10 12:49:54,482 INFO stopped: varnishd (exit status 0)
2018-03-10 13:30:07,453 CRIT Supervisor running as root (no user in config file)
2018-03-10 13:30:07,453 WARN Included extra file "/etc/supervisor/conf.d/supervisord.conf" during parsing
2018-03-10 13:30:07,583 INFO RPC interface 'supervisor' initialized
2018-03-10 13:30:07,587 CRIT Server 'unix_http_server' running without any HTTP authentication checking
2018-03-10 13:30:07,588 INFO supervisord started with pid 1
2018-03-10 13:30:08,592 INFO spawned: 'varnishd' with pid 24
2018-03-10 13:30:08,595 INFO spawned: 'php-fpm' with pid 25
2018-03-10 13:30:08,597 INFO spawned: 'varnish-plugins-watcher' with pid 26
2018-03-10 13:30:08,603 INFO spawned: 'nginx' with pid 27
2018-03-10 13:30:08,620 INFO spawned: 'MailHog' with pid 28
2018-03-10 13:30:08,643 INFO spawned: 'mysql' with pid 30
2018-03-10 13:30:08,647 INFO spawned: 'varnish-themes-watcher' with pid 31
2018-03-10 13:30:10,340 INFO success: varnishd entered RUNNING state, process has stayed up for > than 1 seconds (startsecs)
2018-03-10 13:30:10,341 INFO success: php-fpm entered RUNNING state, process has stayed up for > than 1 seconds (startsecs)
2018-03-10 13:30:10,341 INFO success: varnish-plugins-watcher entered RUNNING state, process has stayed up for > than 1 seconds (startsecs)
2018-03-10 13:30:10,341 INFO success: nginx entered RUNNING state, process has stayed up for > than 1 seconds (startsecs)
2018-03-10 13:30:10,341 INFO success: MailHog entered RUNNING state, process has stayed up for > than 1 seconds (startsecs)
2018-03-10 13:30:10,341 INFO success: mysql entered RUNNING state, process has stayed up for > than 1 seconds (startsecs)
2018-03-10 13:30:10,341 INFO success: varnish-themes-watcher entered RUNNING state, process has stayed up for > than 1 seconds (startsecs)
2018-03-10 13:31:31,206 WARN received SIGTERM indicating exit request
2018-03-10 13:31:31,207 INFO waiting for varnishd, php-fpm, varnish-plugins-watcher, nginx, MailHog, mysql, varnish-themes-watcher to die
2018-03-10 13:31:32,209 INFO stopped: varnish-themes-watcher (terminated by SIGTERM)
2018-03-10 13:31:32,217 INFO stopped: mysql (exit status 0)
2018-03-10 13:31:32,218 INFO stopped: MailHog (terminated by SIGTERM)
2018-03-10 13:31:32,222 INFO stopped: nginx (exit status 0)
2018-03-10 13:31:33,225 INFO stopped: varnish-plugins-watcher (terminated by SIGTERM)
2018-03-10 13:31:33,235 INFO stopped: php-fpm (exit status 0)
2018-03-10 13:31:33,899 CRIT reaped unknown pid 39)
2018-03-10 13:31:34,245 INFO waiting for varnishd to die
2018-03-10 13:31:34,302 INFO stopped: varnishd (exit status 0)
2018-03-10 13:32:34,503 CRIT Supervisor running as root (no user in config file)
2018-03-10 13:32:34,503 WARN Included extra file "/etc/supervisor/conf.d/supervisord.conf" during parsing
2018-03-10 13:32:34,550 INFO RPC interface 'supervisor' initialized
2018-03-10 13:32:34,551 CRIT Server 'unix_http_server' running without any HTTP authentication checking
2018-03-10 13:32:34,551 INFO supervisord started with pid 1
2018-03-10 13:32:35,555 INFO spawned: 'varnishd' with pid 7
2018-03-10 13:32:35,562 INFO spawned: 'php-fpm' with pid 8
2018-03-10 13:32:35,564 INFO spawned: 'varnish-plugins-watcher' with pid 9
2018-03-10 13:32:35,568 INFO spawned: 'nginx' with pid 10
2018-03-10 13:32:35,577 INFO spawned: 'MailHog' with pid 11
2018-03-10 13:32:35,599 INFO spawned: 'mysql' with pid 12
2018-03-10 13:32:35,607 INFO spawned: 'varnish-themes-watcher' with pid 13
2018-03-10 13:32:36,608 INFO success: varnishd entered RUNNING state, process has stayed up for > than 1 seconds (startsecs)
2018-03-10 13:32:36,608 INFO success: php-fpm entered RUNNING state, process has stayed up for > than 1 seconds (startsecs)
2018-03-10 13:32:36,608 INFO success: varnish-plugins-watcher entered RUNNING state, process has stayed up for > than 1 seconds (startsecs)
2018-03-10 13:32:36,609 INFO success: nginx entered RUNNING state, process has stayed up for > than 1 seconds (startsecs)
2018-03-10 13:32:36,609 INFO success: MailHog entered RUNNING state, process has stayed up for > than 1 seconds (startsecs)
2018-03-10 13:32:36,609 INFO success: mysql entered RUNNING state, process has stayed up for > than 1 seconds (startsecs)
2018-03-10 13:32:36,609 INFO success: varnish-themes-watcher entered RUNNING state, process has stayed up for > than 1 seconds (startsecs)
2018-03-11 14:20:51,392 WARN received SIGTERM indicating exit request
2018-03-11 14:20:51,404 INFO waiting for varnishd, php-fpm, varnish-plugins-watcher, nginx, MailHog, mysql, varnish-themes-watcher to die
2018-03-11 14:20:52,407 INFO stopped: varnish-themes-watcher (terminated by SIGTERM)
2018-03-11 14:20:52,417 INFO stopped: mysql (exit status 0)
2018-03-11 14:20:52,424 INFO stopped: MailHog (terminated by SIGTERM)
2018-03-11 14:20:52,426 INFO stopped: nginx (exit status 0)
2018-03-11 14:20:53,428 INFO stopped: varnish-plugins-watcher (terminated by SIGTERM)
2018-03-11 14:20:53,443 INFO stopped: php-fpm (exit status 0)
2018-03-11 14:20:54,200 CRIT reaped unknown pid 19)
2018-03-11 14:20:54,448 INFO waiting for varnishd to die
2018-03-11 14:20:54,583 INFO stopped: varnishd (exit status 0)
2018-03-12 06:34:41,722 CRIT Supervisor running as root (no user in config file)
2018-03-12 06:34:41,722 WARN Included extra file "/etc/supervisor/conf.d/supervisord.conf" during parsing
2018-03-12 06:34:41,843 INFO RPC interface 'supervisor' initialized
2018-03-12 06:34:41,844 CRIT Server 'unix_http_server' running without any HTTP authentication checking
2018-03-12 06:34:41,844 INFO supervisord started with pid 1
2018-03-12 06:34:42,848 INFO spawned: 'varnishd' with pid 7
2018-03-12 06:34:42,853 INFO spawned: 'php-fpm' with pid 8
2018-03-12 06:34:42,855 INFO spawned: 'varnish-plugins-watcher' with pid 9
2018-03-12 06:34:42,857 INFO spawned: 'nginx' with pid 10
2018-03-12 06:34:42,860 INFO spawned: 'MailHog' with pid 11
2018-03-12 06:34:42,879 INFO spawned: 'mysql' with pid 12
2018-03-12 06:34:42,893 INFO spawned: 'varnish-themes-watcher' with pid 13
2018-03-12 06:34:44,220 INFO success: varnishd entered RUNNING state, process has stayed up for > than 1 seconds (startsecs)
2018-03-12 06:34:44,220 INFO success: php-fpm entered RUNNING state, process has stayed up for > than 1 seconds (startsecs)
2018-03-12 06:34:44,221 INFO success: varnish-plugins-watcher entered RUNNING state, process has stayed up for > than 1 seconds (startsecs)
2018-03-12 06:34:44,221 INFO success: nginx entered RUNNING state, process has stayed up for > than 1 seconds (startsecs)
2018-03-12 06:34:44,221 INFO success: MailHog entered RUNNING state, process has stayed up for > than 1 seconds (startsecs)
2018-03-12 06:34:44,221 INFO success: mysql entered RUNNING state, process has stayed up for > than 1 seconds (startsecs)
2018-03-12 06:34:44,221 INFO success: varnish-themes-watcher entered RUNNING state, process has stayed up for > than 1 seconds (startsecs)
2018-03-14 22:24:38,419 CRIT Supervisor running as root (no user in config file)
2018-03-14 22:24:38,420 WARN Included extra file "/etc/supervisor/conf.d/supervisord.conf" during parsing
2018-03-14 22:24:38,775 INFO RPC interface 'supervisor' initialized
2018-03-14 22:24:38,776 CRIT Server 'unix_http_server' running without any HTTP authentication checking
2018-03-14 22:24:38,776 INFO supervisord started with pid 1
2018-03-14 22:24:39,780 INFO spawned: 'varnishd' with pid 7
2018-03-14 22:24:39,786 INFO spawned: 'php-fpm' with pid 8
2018-03-14 22:24:39,789 INFO spawned: 'varnish-plugins-watcher' with pid 9
2018-03-14 22:24:39,794 INFO spawned: 'nginx' with pid 10
2018-03-14 22:24:39,802 INFO spawned: 'MailHog' with pid 11
2018-03-14 22:24:39,815 INFO spawned: 'mysql' with pid 12
2018-03-14 22:24:39,826 INFO spawned: 'varnish-themes-watcher' with pid 13
2018-03-14 22:24:40,780 INFO success: varnishd entered RUNNING state, process has stayed up for > than 1 seconds (startsecs)
2018-03-14 22:24:40,893 INFO success: php-fpm entered RUNNING state, process has stayed up for > than 1 seconds (startsecs)
2018-03-14 22:24:40,894 INFO success: varnish-plugins-watcher entered RUNNING state, process has stayed up for > than 1 seconds (startsecs)
2018-03-14 22:24:40,894 INFO success: nginx entered RUNNING state, process has stayed up for > than 1 seconds (startsecs)
2018-03-14 22:24:40,894 INFO success: MailHog entered RUNNING state, process has stayed up for > than 1 seconds (startsecs)
2018-03-14 22:24:40,894 INFO success: mysql entered RUNNING state, process has stayed up for > than 1 seconds (startsecs)
2018-03-14 22:24:40,895 INFO success: varnish-themes-watcher entered RUNNING state, process has stayed up for > than 1 seconds (startsecs)
2018-03-17 14:08:46,485 WARN received SIGTERM indicating exit request
2018-03-17 14:08:46,486 INFO waiting for varnishd, php-fpm, varnish-plugins-watcher, nginx, MailHog, mysql, varnish-themes-watcher to die
2018-03-17 14:08:47,488 INFO stopped: varnish-themes-watcher (terminated by SIGTERM)
2018-03-17 14:08:47,495 INFO stopped: mysql (exit status 0)
2018-03-17 14:08:47,496 INFO stopped: MailHog (terminated by SIGTERM)
2018-03-17 14:08:47,498 INFO stopped: nginx (exit status 0)
2018-03-17 14:08:48,501 INFO stopped: varnish-plugins-watcher (terminated by SIGTERM)
2018-03-17 14:08:48,568 INFO stopped: php-fpm (exit status 0)
2018-03-17 14:08:48,775 CRIT reaped unknown pid 19)
2018-03-17 14:08:49,574 INFO waiting for varnishd to die
2018-03-17 14:08:49,633 INFO stopped: varnishd (exit status 0)
2018-03-17 14:11:49,705 CRIT Supervisor running as root (no user in config file)
2018-03-17 14:11:49,705 WARN Included extra file "/etc/supervisor/conf.d/supervisord.conf" during parsing
2018-03-17 14:11:49,757 INFO RPC interface 'supervisor' initialized
2018-03-17 14:11:49,757 CRIT Server 'unix_http_server' running without any HTTP authentication checking
2018-03-17 14:11:49,757 INFO supervisord started with pid 1
2018-03-17 14:11:50,764 INFO spawned: 'varnishd' with pid 7
2018-03-17 14:11:50,774 INFO spawned: 'php-fpm' with pid 8
2018-03-17 14:11:50,776 INFO spawned: 'varnish-plugins-watcher' with pid 9
2018-03-17 14:11:50,780 INFO spawned: 'nginx' with pid 10
2018-03-17 14:11:50,783 INFO spawned: 'MailHog' with pid 11
2018-03-17 14:11:50,803 INFO spawned: 'mysql' with pid 12
2018-03-17 14:11:50,812 INFO spawned: 'varnish-themes-watcher' with pid 13
2018-03-17 14:11:51,761 INFO success: varnishd entered RUNNING state, process has stayed up for > than 1 seconds (startsecs)
2018-03-17 14:11:51,869 INFO success: php-fpm entered RUNNING state, process has stayed up for > than 1 seconds (startsecs)
2018-03-17 14:11:51,870 INFO success: varnish-plugins-watcher entered RUNNING state, process has stayed up for > than 1 seconds (startsecs)
2018-03-17 14:11:51,870 INFO success: nginx entered RUNNING state, process has stayed up for > than 1 seconds (startsecs)
2018-03-17 14:11:51,870 INFO success: MailHog entered RUNNING state, process has stayed up for > than 1 seconds (startsecs)
2018-03-17 14:11:51,871 INFO success: mysql entered RUNNING state, process has stayed up for > than 1 seconds (startsecs)
2018-03-17 14:11:51,871 INFO success: varnish-themes-watcher entered RUNNING state, process has stayed up for > than 1 seconds (startsecs)
2018-03-19 23:35:52,326 WARN received SIGTERM indicating exit request
2018-03-19 23:35:52,327 INFO waiting for varnishd, php-fpm, varnish-plugins-watcher, nginx, MailHog, mysql, varnish-themes-watcher to die
2018-03-19 23:35:53,328 INFO stopped: varnish-themes-watcher (terminated by SIGTERM)
2018-03-19 23:35:53,336 INFO stopped: mysql (exit status 0)
2018-03-19 23:35:53,339 INFO stopped: MailHog (terminated by SIGTERM)
2018-03-19 23:35:53,341 INFO stopped: nginx (exit status 0)
2018-03-19 23:35:54,342 INFO stopped: varnish-plugins-watcher (terminated by SIGTERM)
2018-03-19 23:35:54,352 INFO stopped: php-fpm (exit status 0)
2018-03-19 23:35:54,693 CRIT reaped unknown pid 19)
2018-03-19 23:35:55,362 INFO waiting for varnishd to die
2018-03-19 23:35:55,524 INFO stopped: varnishd (exit status 0)
2018-03-28 13:44:18,739 CRIT Supervisor running as root (no user in config file)
2018-03-28 13:44:18,739 WARN Included extra file "/etc/supervisor/conf.d/supervisord.conf" during parsing
2018-03-28 13:44:18,954 INFO RPC interface 'supervisor' initialized
2018-03-28 13:44:18,957 CRIT Server 'unix_http_server' running without any HTTP authentication checking
2018-03-28 13:44:18,957 INFO supervisord started with pid 1
2018-03-28 13:44:19,961 INFO spawned: 'varnishd' with pid 7
2018-03-28 13:44:19,969 INFO spawned: 'php-fpm' with pid 8
2018-03-28 13:44:19,974 INFO spawned: 'varnish-plugins-watcher' with pid 9
2018-03-28 13:44:19,979 INFO spawned: 'nginx' with pid 10
2018-03-28 13:44:19,983 INFO spawned: 'MailHog' with pid 11
2018-03-28 13:44:19,993 INFO spawned: 'mysql' with pid 12
2018-03-28 13:44:20,013 INFO spawned: 'varnish-themes-watcher' with pid 13
2018-03-28 13:44:21,206 INFO success: varnishd entered RUNNING state, process has stayed up for > than 1 seconds (startsecs)
2018-03-28 13:44:21,207 INFO success: php-fpm entered RUNNING state, process has stayed up for > than 1 seconds (startsecs)
2018-03-28 13:44:21,207 INFO success: varnish-plugins-watcher entered RUNNING state, process has stayed up for > than 1 seconds (startsecs)
2018-03-28 13:44:21,207 INFO success: nginx entered RUNNING state, process has stayed up for > than 1 seconds (startsecs)
2018-03-28 13:44:21,207 INFO success: MailHog entered RUNNING state, process has stayed up for > than 1 seconds (startsecs)
2018-03-28 13:44:21,207 INFO success: mysql entered RUNNING state, process has stayed up for > than 1 seconds (startsecs)
2018-03-28 13:44:21,207 INFO success: varnish-themes-watcher entered RUNNING state, process has stayed up for > than 1 seconds (startsecs)
2018-04-07 11:46:41,096 CRIT Supervisor running as root (no user in config file)
2018-04-07 11:46:41,097 WARN Included extra file "/etc/supervisor/conf.d/supervisord.conf" during parsing
2018-04-07 11:46:41,540 INFO RPC interface 'supervisor' initialized
2018-04-07 11:46:41,541 CRIT Server 'unix_http_server' running without any HTTP authentication checking
2018-04-07 11:46:41,541 INFO supervisord started with pid 1
2018-04-07 11:46:42,547 INFO spawned: 'varnishd' with pid 7
2018-04-07 11:46:42,562 INFO spawned: 'php-fpm' with pid 8
2018-04-07 11:46:42,565 INFO spawned: 'varnish-plugins-watcher' with pid 9
2018-04-07 11:46:42,576 INFO spawned: 'nginx' with pid 10
2018-04-07 11:46:42,579 INFO spawned: 'MailHog' with pid 11
2018-04-07 11:46:42,583 INFO spawned: 'mysql' with pid 12
2018-04-07 11:46:42,589 INFO spawned: 'varnish-themes-watcher' with pid 13
2018-04-07 11:46:44,238 INFO success: varnishd entered RUNNING state, process has stayed up for > than 1 seconds (startsecs)
2018-04-07 11:46:44,239 INFO success: php-fpm entered RUNNING state, process has stayed up for > than 1 seconds (startsecs)
2018-04-07 11:46:44,239 INFO success: varnish-plugins-watcher entered RUNNING state, process has stayed up for > than 1 seconds (startsecs)
2018-04-07 11:46:44,239 INFO success: nginx entered RUNNING state, process has stayed up for > than 1 seconds (startsecs)
2018-04-07 11:46:44,239 INFO success: MailHog entered RUNNING state, process has stayed up for > than 1 seconds (startsecs)
2018-04-07 11:46:44,239 INFO success: mysql entered RUNNING state, process has stayed up for > than 1 seconds (startsecs)
2018-04-07 11:46:44,239 INFO success: varnish-themes-watcher entered RUNNING state, process has stayed up for > than 1 seconds (startsecs)
2018-04-26 16:18:53,395 CRIT Supervisor running as root (no user in config file)
2018-04-26 16:18:53,396 WARN Included extra file "/etc/supervisor/conf.d/supervisord.conf" during parsing
2018-04-26 16:18:53,744 INFO RPC interface 'supervisor' initialized
2018-04-26 16:18:53,745 CRIT Server 'unix_http_server' running without any HTTP authentication checking
2018-04-26 16:18:53,745 INFO supervisord started with pid 1
2018-04-26 16:18:54,748 INFO spawned: 'varnishd' with pid 7
2018-04-26 16:18:54,753 INFO spawned: 'php-fpm' with pid 8
2018-04-26 16:18:54,755 INFO spawned: 'varnish-plugins-watcher' with pid 9
2018-04-26 16:18:54,757 INFO spawned: 'nginx' with pid 10
2018-04-26 16:18:54,762 INFO spawned: 'MailHog' with pid 11
2018-04-26 16:18:54,774 INFO spawned: 'mysql' with pid 12
2018-04-26 16:18:54,785 INFO spawned: 'varnish-themes-watcher' with pid 13
2018-04-26 16:18:55,816 INFO success: varnishd entered RUNNING state, process has stayed up for > than 1 seconds (startsecs)
2018-04-26 16:18:55,816 INFO success: php-fpm entered RUNNING state, process has stayed up for > than 1 seconds (startsecs)
2018-04-26 16:18:55,816 INFO success: varnish-plugins-watcher entered RUNNING state, process has stayed up for > than 1 seconds (startsecs)
2018-04-26 16:18:55,816 INFO success: nginx entered RUNNING state, process has stayed up for > than 1 seconds (startsecs)
2018-04-26 16:18:55,816 INFO success: MailHog entered RUNNING state, process has stayed up for > than 1 seconds (startsecs)
2018-04-26 16:18:55,817 INFO success: mysql entered RUNNING state, process has stayed up for > than 1 seconds (startsecs)
2018-04-26 16:18:55,817 INFO success: varnish-themes-watcher entered RUNNING state, process has stayed up for > than 1 seconds (startsecs)
