[10-Mar-2018 12:07:47] NOTICE: fpm is running, pid 14
[10-Mar-2018 12:07:47] NOTICE: ready to handle connections
[10-Mar-2018 12:49:53] NOTICE: Terminating ...
[10-Mar-2018 12:49:53] NOTICE: exiting, bye-bye!
[10-Mar-2018 13:30:08] NOTICE: fpm is running, pid 25
[10-Mar-2018 13:30:08] NOTICE: ready to handle connections
[10-Mar-2018 13:31:33] NOTICE: Terminating ...
[10-Mar-2018 13:31:33] NOTICE: exiting, bye-bye!
[10-Mar-2018 13:32:35] NOTICE: fpm is running, pid 8
[10-Mar-2018 13:32:35] NOTICE: ready to handle connections
[11-Mar-2018 14:20:53] NOTICE: Terminating ...
[11-Mar-2018 14:20:53] NOTICE: exiting, bye-bye!
[12-Mar-2018 06:34:43] NOTICE: fpm is running, pid 8
[12-Mar-2018 06:34:43] NOTICE: ready to handle connections
[14-Mar-2018 22:24:40] NOTICE: fpm is running, pid 8
[14-Mar-2018 22:24:40] NOTICE: ready to handle connections
[17-Mar-2018 14:08:48] NOTICE: Terminating ...
[17-Mar-2018 14:08:48] NOTICE: exiting, bye-bye!
[17-Mar-2018 14:11:51] NOTICE: fpm is running, pid 8
[17-Mar-2018 14:11:51] NOTICE: ready to handle connections
[19-Mar-2018 23:35:54] NOTICE: Terminating ...
[19-Mar-2018 23:35:54] NOTICE: exiting, bye-bye!
[28-Mar-2018 13:44:20] NOTICE: fpm is running, pid 8
[28-Mar-2018 13:44:20] NOTICE: ready to handle connections
[07-Apr-2018 11:46:44] NOTICE: fpm is running, pid 8
[07-Apr-2018 11:46:44] NOTICE: ready to handle connections
[26-Apr-2018 16:18:54] NOTICE: fpm is running, pid 8
[26-Apr-2018 16:18:54] NOTICE: ready to handle connections
